\BOOKMARK [0][-]{chapter*.2}{}{}% 1
\BOOKMARK [0][-]{chapter.1}{\376\377\000W\000e\000l\000c\000o\000m\000e}{}% 2
\BOOKMARK [0][-]{chapter.2}{\376\377\000W\000h\000a\000t\000\040\000w\000e\000\040\000d\000o\000\040\000a\000n\000d\000\040\000w\000h\000y\000\040\000w\000e\000\040\000d\000o\000\040\000i\000t}{}% 3
\BOOKMARK [1][-]{section.2.1}{\376\377\000P\000h\000i\000l\000o\000s\000o\000p\000h\000y\000\040\000o\000f\000\040\000s\000c\000i\000e\000n\000t\000i\000f\000i\000c\000\040\000p\000r\000i\000n\000c\000i\000p\000l\000e\000s}{chapter.2}% 4
\BOOKMARK [1][-]{section.2.2}{\376\377\000C\000h\000r\000o\000n\000o\000l\000o\000g\000i\000c\000a\000l\000\040\000a\000n\000d\000\040\000a\000c\000a\000d\000e\000m\000i\000c\000\040\000h\000i\000s\000t\000o\000r\000y}{chapter.2}% 5
\BOOKMARK [1][-]{section.2.3}{\376\377\000R\000e\000q\000u\000i\000r\000e\000d\000\040\000r\000e\000a\000d\000i\000n\000g}{chapter.2}% 6
\BOOKMARK [0][-]{chapter.3}{\376\377\000R\000o\000l\000e\000s\000\040\000a\000n\000d\000\040\000e\000x\000p\000e\000c\000t\000a\000t\000i\000o\000n\000s}{}% 7
\BOOKMARK [1][-]{section.3.1}{\376\377\000P\000e\000o\000p\000l\000e}{chapter.3}% 8
\BOOKMARK [1][-]{section.3.2}{\376\377\000E\000x\000p\000e\000c\000t\000a\000t\000i\000o\000n\000s}{chapter.3}% 9
\BOOKMARK [0][-]{chapter.4}{\376\377\000C\000o\000m\000m\000u\000n\000i\000c\000a\000t\000i\000o\000n}{}% 10
\BOOKMARK [1][-]{section.4.1}{\376\377\000S\000l\000a\000c\000k}{chapter.4}% 11
\BOOKMARK [1][-]{section.4.2}{\376\377\000E\000m\000a\000i\000l}{chapter.4}% 12
\BOOKMARK [1][-]{section.4.3}{\376\377\000R\000e\000s\000p\000o\000n\000s\000e\000\040\000t\000i\000m\000e}{chapter.4}% 13
\BOOKMARK [1][-]{section.4.4}{\376\377\000P\000h\000o\000n\000e}{chapter.4}% 14
\BOOKMARK [0][-]{chapter.5}{\376\377\000L\000o\000g\000i\000s\000t\000i\000c\000s}{}% 15
\BOOKMARK [1][-]{section.5.1}{\376\377\000G\000e\000t\000t\000i\000n\000g\000\040\000l\000o\000c\000k\000e\000d\000\040\000o\000u\000t}{chapter.5}% 16
\BOOKMARK [1][-]{section.5.2}{\376\377\000B\000e\000i\000n\000g\000\040\000i\000n\000\040\000t\000h\000e\000\040\000l\000a\000b}{chapter.5}% 17
\BOOKMARK [1][-]{section.5.3}{\376\377\000H\000o\000l\000i\000d\000a\000y\000s\000\040\000a\000n\000d\000\040\000v\000a\000c\000a\000t\000i\000o\000n\000s}{chapter.5}% 18
\BOOKMARK [1][-]{section.5.4}{\376\377\000R\000e\000m\000o\000t\000e\000\040\000w\000o\000r\000k\000i\000n\000g}{chapter.5}% 19
\BOOKMARK [0][-]{chapter.6}{\376\377\000D\000a\000y\000-\000t\000o\000-\000d\000a\000y\000\040\000I\000n\000f\000o\000r\000m\000a\000t\000i\000o\000n}{}% 20
\BOOKMARK [1][-]{section.6.1}{\376\377\000P\000e\000t\000\040\000P\000o\000l\000i\000c\000y}{chapter.6}% 21
\BOOKMARK [1][-]{section.6.2}{\376\377\000S\000i\000c\000k\000n\000e\000s\000s\000\040\000p\000o\000l\000i\000c\000y}{chapter.6}% 22
\BOOKMARK [1][-]{section.6.3}{\376\377\000B\000e\000\040\000p\000r\000o\000f\000e\000s\000s\000i\000o\000n\000a\000l}{chapter.6}% 23
\BOOKMARK [0][-]{chapter.7}{\376\377\000C\000o\000d\000e\000\040\000o\000f\000\040\000C\000o\000n\000d\000u\000c\000t}{}% 24
\BOOKMARK [1][-]{section.7.1}{\376\377\000S\000c\000i\000e\000n\000t\000i\000f\000i\000c\000\040\000i\000n\000t\000e\000g\000r\000i\000t\000y}{chapter.7}% 25
\BOOKMARK [1][-]{section.7.2}{\376\377\000C\000o\000d\000e\000\040\000o\000f\000\040\000C\000o\000n\000d\000u\000c\000t}{chapter.7}% 26
\BOOKMARK [1][-]{section.7.3}{\376\377\000M\000a\000n\000a\000g\000i\000n\000g\000\040\000C\000o\000n\000f\000l\000i\000c\000t}{chapter.7}% 27
\BOOKMARK [0][-]{chapter.8}{\376\377\000R\000e\000c\000u\000r\000r\000i\000n\000g\000\040\000e\000v\000e\000n\000t\000s}{}% 28
\BOOKMARK [1][-]{section.8.1}{\376\377\000L\000a\000b\000\040\000M\000e\000e\000t\000i\000n\000g\000s}{chapter.8}% 29
\BOOKMARK [1][-]{section.8.2}{\376\377\000D\000e\000p\000a\000r\000t\000m\000e\000n\000t\000a\000l\000\040\000t\000a\000l\000k\000s}{chapter.8}% 30
\BOOKMARK [1][-]{section.8.3}{\376\377\000W\000e\000e\000k\000l\000y\000\040\000C\000h\000e\000c\000k\000-\000I\000n\000s}{chapter.8}% 31
\BOOKMARK [1][-]{section.8.4}{\376\377\000P\000I\000\040\000P\000I\000E}{chapter.8}% 32
\BOOKMARK [0][-]{chapter.9}{\376\377\000M\000e\000n\000t\000o\000r\000s\000h\000i\000p\000\040\000o\000f\000\040\000g\000r\000a\000d\000u\000a\000t\000e\000\040\000s\000t\000u\000d\000e\000n\000t\000s}{}% 33
\BOOKMARK [1][-]{section.9.1}{\376\377\000P\000I\000\040\000M\000e\000n\000t\000o\000r\000s\000h\000i\000p\000\040\000P\000h\000i\000l\000o\000s\000o\000p\000h\000y}{chapter.9}% 34
\BOOKMARK [1][-]{section.9.2}{\376\377\000P\000r\000i\000m\000a\000r\000y\000\040\000m\000e\000n\000t\000o\000r\000s}{chapter.9}% 35
\BOOKMARK [1][-]{section.9.3}{\376\377\000R\000e\000c\000o\000m\000m\000e\000n\000d\000a\000t\000i\000o\000n\000\040\000L\000e\000t\000t\000e\000r\000s}{chapter.9}% 36
\BOOKMARK [1][-]{section.9.4}{\376\377\000U\000O\000\040\000P\000r\000o\000g\000r\000a\000m\000\040\000R\000e\000q\000u\000i\000r\000e\000m\000e\000n\000t\000s}{chapter.9}% 37
\BOOKMARK [0][-]{chapter.10}{\376\377\000I\000n\000t\000e\000r\000n\000a\000l\000\040\000R\000e\000s\000o\000u\000r\000c\000e\000s\000\040\000\050\000P\000I\000E\000\040\000L\000A\000B\000\051}{}% 38
\BOOKMARK [1][-]{section.10.1}{\376\377\000T\000a\000l\000a\000p\000a\000s}{chapter.10}% 39
\BOOKMARK [1][-]{section.10.2}{\376\377\000S\000e\000r\000v\000e\000r}{chapter.10}% 40
\BOOKMARK [1][-]{section.10.3}{\376\377\000M\000a\000n\000u\000a\000l}{chapter.10}% 41
\BOOKMARK [1][-]{section.10.4}{\376\377\000G\000i\000t\000H\000u\000b}{chapter.10}% 42
\BOOKMARK [1][-]{section.10.5}{\376\377\000R\000e\000s\000e\000a\000r\000c\000h\000\040\000A\000s\000s\000i\000s\000t\000a\000n\000t\000s}{chapter.10}% 43
\BOOKMARK [0][-]{chapter.11}{\376\377\000E\000x\000t\000e\000r\000n\000a\000l\000\040\000R\000e\000s\000o\000u\000r\000c\000e\000s}{}% 44
\BOOKMARK [1][-]{section.11.1}{\376\377\000P\000s\000y\000c\000h\000o\000l\000o\000g\000y\000\040\000D\000e\000p\000a\000r\000t\000m\000e\000n\000t}{chapter.11}% 45
\BOOKMARK [1][-]{section.11.2}{\376\377\000S\000u\000p\000p\000o\000r\000t\000\040\000a\000t\000\040\000t\000h\000e\000\040\000U\000n\000i\000v\000e\000r\000s\000i\000t\000y\000\040\000o\000f\000\040\000O\000r\000e\000g\000o\000n}{chapter.11}% 46
\BOOKMARK [0][-]{chapter.12}{\376\377\000U\000s\000e\000f\000u\000l\000\040\000L\000i\000n\000k\000s}{}% 47
\BOOKMARK [1][-]{section.12.1}{\376\377\000R\000\040\000a\000n\000d\000\040\000R\000M\000a\000r\000k\000d\000o\000w\000n}{chapter.12}% 48
\BOOKMARK [1][-]{section.12.2}{\376\377\000W\000r\000i\000t\000i\000n\000g}{chapter.12}% 49
\BOOKMARK [1][-]{section.12.3}{\376\377\000P\000r\000e\000s\000e\000n\000t\000a\000t\000i\000o\000n\000s}{chapter.12}% 50
\BOOKMARK [1][-]{section.12.4}{\376\377\000S\000t\000a\000t\000i\000s\000t\000i\000c\000s}{chapter.12}% 51
\BOOKMARK [1][-]{section.12.5}{\376\377\000G\000r\000a\000d\000u\000a\000t\000e\000\040\000S\000c\000h\000o\000o\000l}{chapter.12}% 52
\BOOKMARK [1][-]{section.12.6}{\376\377\000L\000i\000f\000e}{chapter.12}% 53
\BOOKMARK [0][-]{chapter.13}{\376\377\000O\000n\000b\000o\000a\000r\000d\000i\000n\000g}{}% 54
\BOOKMARK [1][-]{section.13.1}{\376\377\000E\000v\000e\000r\000y\000o\000n\000e}{chapter.13}% 55
\BOOKMARK [1][-]{section.13.2}{\376\377\000G\000r\000a\000d\000u\000a\000t\000e\000\040\000S\000t\000u\000d\000e\000n\000t\000s}{chapter.13}% 56
\BOOKMARK [1][-]{section.13.3}{\376\377\000U\000n\000d\000e\000r\000g\000r\000a\000d\000u\000a\000t\000e\000\040\000\050\000R\000A\000\040\000a\000n\000d\000\040\000H\000o\000n\000o\000r\000s\000\040\000S\000t\000u\000d\000e\000n\000t\000s\000\051}{chapter.13}% 57
\BOOKMARK [0][-]{chapter.14}{\376\377\000D\000a\000t\000a}{}% 58
\BOOKMARK [1][-]{section.14.1}{\376\377\000S\000A\000P\000A\000\040\000p\000r\000o\000j\000e\000c\000t\000\040\000w\000e\000b\000s\000i\000t\000e}{chapter.14}% 59
\BOOKMARK [1][-]{section.14.2}{\376\377\000E\000t\000h\000i\000c\000s}{chapter.14}% 60
\BOOKMARK [1][-]{section.14.3}{\376\377\000S\000A\000P\000A\000\040\000D\000a\000t\000a}{chapter.14}% 61
\BOOKMARK [1][-]{section.14.4}{\376\377\000C\000o\000l\000l\000e\000c\000t\000i\000n\000g\000\040\000d\000a\000t\000a}{chapter.14}% 62
\BOOKMARK [1][-]{section.14.5}{\376\377\000S\000t\000o\000r\000i\000n\000g\000\040\000a\000n\000d\000\040\000M\000a\000n\000a\000g\000i\000n\000g}{chapter.14}% 63
\BOOKMARK [1][-]{section.14.6}{\376\377\000C\000o\000d\000e\000b\000o\000o\000k\000s}{chapter.14}% 64
\BOOKMARK [1][-]{section.14.7}{\376\377\000A\000n\000a\000l\000y\000z\000i\000n\000g}{chapter.14}% 65
\BOOKMARK [0][-]{chapter.15}{\376\377\000P\000u\000b\000l\000i\000c\000a\000t\000i\000o\000n\000s}{}% 66
\BOOKMARK [1][-]{section.15.1}{\376\377\000A\000u\000t\000h\000o\000r\000s\000h\000i\000p}{chapter.15}% 67
\BOOKMARK [1][-]{section.15.2}{\376\377\000P\000r\000e\000-\000p\000u\000b\000l\000i\000c\000a\000t\000i\000o\000n\000\040\000c\000h\000e\000c\000k\000l\000i\000s\000t}{chapter.15}% 68
\BOOKMARK [1][-]{section.15.3}{\376\377\000P\000r\000e\000p\000r\000i\000n\000t\000s\000\040\000a\000n\000d\000\040\000o\000p\000e\000n\000\040\000a\000c\000c\000e\000s\000s}{chapter.15}% 69
\BOOKMARK [1][-]{section.15.4}{\376\377\000W\000h\000e\000r\000e\000\040\000w\000e\000\040\000s\000u\000b\000m\000i\000t}{chapter.15}% 70
\BOOKMARK [0][-]{chapter.16}{\376\377\000C\000o\000n\000f\000e\000r\000e\000n\000c\000e\000s}{}% 71
\BOOKMARK [1][-]{section.16.1}{\376\377\000C\000o\000n\000f\000e\000r\000e\000n\000c\000e\000s\000\040\000w\000e\000\040\000t\000y\000p\000i\000c\000a\000l\000l\000y\000\040\000a\000t\000t\000e\000n\000d}{chapter.16}% 72
\BOOKMARK [1][-]{section.16.2}{\376\377\000H\000o\000w\000/\000w\000h\000y\000\040\000t\000o\000\040\000g\000i\000v\000e\000\040\000a\000\040\000t\000a\000l\000k}{chapter.16}% 73
\BOOKMARK [0][-]{chapter.17}{\376\377\000O\000f\000f\000b\000o\000a\000r\000d\000i\000n\000g}{}% 74
\BOOKMARK [1][-]{section.17.1}{\376\377\000C\000h\000e\000c\000k\000l\000i\000s\000t}{chapter.17}% 75
\BOOKMARK [1][-]{section.17.2}{\376\377\000U\000n\000f\000i\000n\000i\000s\000h\000e\000d\000\040\000p\000r\000o\000j\000e\000c\000t\000s\000\040\000a\000n\000d\000\040\000i\000n\000t\000e\000l\000l\000e\000c\000t\000u\000a\000l\000\040\000p\000r\000o\000p\000e\000r\000t\000y}{chapter.17}% 76
\BOOKMARK [1][-]{section.17.3}{\376\377\000S\000t\000a\000y\000i\000n\000g\000\040\000i\000n\000\040\000t\000o\000u\000c\000h}{chapter.17}% 77
